[  0000000] Initializing cgroup subyspuset
[    0.000000] Initializing cgroup subsys cpu
[    0.000000] Initializing cgroup subsys cpuacct
[    0.00000] Linux version 4.4.0-141-generic (uildd@lcy01-amd64-00) (gcc version 5.4.0 20160609 (Ubuntu 5.4.0-6ubuntu1~16.04.10) ) #167-Ubuntu SMP Wed Dec 5 10:40:15 UTC 2018 (Ubuntu 4.4.0-141.167-generic 4.4.162)
[    0.000000] Command line: BOOT_IMAGE=/boot/vmlinuz-4.4.0-141-generic root=LABEL=cloudimg-rootfs ro console=tty1 console=ttyS0
[    0.000000] KERNEL supported cpus:
[    0.000000]   Intel GenuineIntel
[    0.000000]   AMD AuthenticAMD
[    0.000000]   Centaur CentaurHauls
[    0.000000] x86/fpu: xstate_offset[2]:  576, xstate_sizes[2]:  256
[    0.000000] x86/fpu: Supporting XSAVE feature 0x01: 'x87 floating point registers'
[    0.000000] x86/fpu: Supporting XSAVE feature 0x02: 'SSE registers'
[    0.000000] x86/fpu: Supporting XSAVE feature 0x04: 'AVX registers'
[    0.000000] x86/fpu: Enabled xstate features 0x7, context size is 832 bytes, using 'standard' format.
[    0.000000] e820: BIOS-provided physical RAM map:
[    0.000000] BIOS-e820: mem 0x00000000000000x00000000fbf] usable
[   0000 BIOS-e820: [mem 0x000000000009c0-0x000000000009ffff]rervd
[    0.000000] BIO-e20: mem x00000000f0000-0x0000000fffff] reserved
[    0.0000 BIOS-82 [em 00000000100-0x00000003ffeff uabe    .000] BIS-20 [mem 0x000003ff0000-0x000000003ffffff] PIdata[    0.0000] BIOS-e820: [mem 0x00000000fec00000-0x00000000fec00fff] reserved
[    0.000000] BIOS-e820: [m 0x0000000fee00000-0x00000000fee00fff] reserved
[    0.000000] BIOS-e820: [mem 0x00000000fffc0000-0x000000ffffff] reserved
[    0.0000]  (Execute Disabl) otecion: active
[  0.000000] SMBIOS 2.5 present.
[   0.000] Hypervisordeeced: KVM
  0.000000] e820: last_pfn = 03fff0 max_arh_n  0x400000000
  0.0000] RR Diabled
[    0.000] x8/P: TRRs dabd, skipi PT intiiztionto
    0.000000] CPU MTRRs all blank - vrtlized syste.    0.000] x86/AT: Configuration[0-7]: WB  WT  UC- UC  WB  WT  UC- UC  
[    0.000000] fnd SMP MP-table at [mem 0x0009fff0-0x0009ffff] mapped at [ffff88000009fff0]
[    0.000000] Scanning 1 areas for low memory corruption
[    0.000000] RAMDISK: [mem 0x36306000-0x317afff]
[    0.000000] ACPI:Early table checksum verification disabled
[    0.000000] ACPI: RSDP 0x00000000000E0000 000024 (v02 VBOX  )
[    0.000000] ACPI: XSDT 0x000000003FFF0030 00003C (v01 VBOX   VBOXXSDT 00000001 ASL  00000061)
[    0.000000] ACPI: FACP 0x000000003FFF00F0 0000F4 (v04 VBOX   VBOXFACP 00000001 ASL  00000061)
[    0.000000] ACPI: DSDT 0x000000003FFF0470 0021FF (v02 VBOX   VBOXBIOS 00000002 INTL 20100528)
[    0.000000] ACPI: FACS 0x000000003FFF0200 000040
[    0.000000] ACPI: FACS 0x000000003FFF0200 000040
[    0.000000] ACPI: APIC 0x000000003FFF0240 00005C (v02 VBOX   VBOXAPIC 00000001 ASL  00000061)
[    0.000000] ACPI: SSDT 0x000000003FFF02A0 0001CC (v01 VBOX   VBOXCPUT 00000002 INTL 20100528)
[    0.000000] No NUMA configuration found
[    0.000000] Faking a node at [mem 0x0000000000000000-0x000000003ffeffff]
[    0.000000] NODE_DATA(0) allocated [mem 0x3ffeb000-0x3ffeffff]
[    0.000000] kvm-clock: Using msrs 4b564d01 and 4b564d00
[    0.0000000] kvm-clock: cpu 0, msr 0:3ffe3001, primary cpu lo
    0.000]kvm-clock: using sheofset of 30723 cycle
  0.000000] clocksource: kvm-clock: mask: 0xffffffffffff m_cles:x142e4dff, x_dle_s: 881590514 ns
[    0.0000Zoneraes
[    0.000000]   DMA      [m 000000000000-0x00000000ffff][  0.000000]   DMA32    [mem 00000000001000000-0x000000003ffeffff]
[  0000000  oral   empty
[  0.000000] Device   empty
[    0.000000] Movable zone start foeach node
[    0.000000] Early memory node ranges
[    0.00000]  nde   0: [mem 0x0000000000001000-0x000000000009efff]
[    0.000000]   node   0: [mem 0x0000000000100000-0x00000003ffeffff]
[    0.000000] Initmem setup node 0 [mem x000000000100-00000003ffff]
[    0.00000]CP: PM-TimerIOort:0x08
[    0000] OAC[]: ac_ 2, vrsion 32, drss 0xfc000, GS 0-23[   0.00000] ACPI: I_SC_OV (s  bus_i 0lobal_rq dl dl)
[    0.00000 ACPI: INT_SROV (bus 0 bus_irq gbal_irq 9 low level)
[    0.000000] Using ACPI (MADT) for SMP confiration information
[  0.000000] smpboot: Alllowing 2 CPUs, 0 hotplug CPUs
[  0.000000] PM: Registeed nosave memory: [mem 0x00000000-0x00000fff]
[    0.000000] PM Registered nosave meor [em 00009f000-0x0009ffff]
[    0.000000] PM: Registered nosave memory: [mem 0x0a0000-x000efff
[   0.000000] PM: Registed osave memory: [mem 0x000000-0x000fffff]
[    0.000000] e820: [me 0x4000000xfbfffff] valable for PC dvice
[  000000]ooing arirualized kernel on KVM
[  000000] clocksource: efined-jiffies: mask: 0xffffffmax_cycles:0xfffff, max_idle_ns 74551960021158 
    0.0000] stu_perpuNRCPUS:51nrpumak_ts512 nr_cpu_ids:2 nrnode_ids:1
[    0.000000] PERCPU: Embedded 34 pages/cpu @ffff88003fc00000 s99608 r8192 d31464 u104576
[    0.00000] PV qspinlock hash table entries: 256 (order: 0, 4096 bytes)
[    0.000000] Built1 zonelists in Node order, mobility grouping on.  Total pages: 257912
[    0.000000] Policy zone: DMA32
[    0.000000] Kernel command line: BOOT_IMAGE=/boot/vmlinuz-4.4.0-141-generic root=LABEL=cloudimg-rootfs ro console=tty1 console=ttyS0
[    0.000000] PID hash table entries: 4096 (order: 3, 32768 bytes)
[    0.000000] Memory: 997700K/1048120K available (8568K kernel code, 1314K rwdata, 4008K rodata, 1528K init, 1316K bss, 50420K reserved, 0K cma-reserved)
[    0.000000] SLUB: HWalign=64, Order=0-3, MinObjects=0, CPUs=2, Nodes=1
[    0.000000] Kernel/User page tables isolation: enabled
[    0.000000] Hierarchical RCU implementation.
[    0.000000] 	Build-time adjustment of leaf fanout to 64.
[    0.000000] 	RCU restricting CPUs from NR_CPUS=512 to nr_cpu_ids=2.
[    0.000000] RCU: Adjusting geometry for rcu_fanout_leaf=64, nr_cpu_ids=2
[    0.000000] NR_IRQS:33024 nr_irqs:440 16
[    0.000000] Console: colour VGA+ 80x25
[    0.000000] console [tty1] enabled
[    0.000000] console [ttyS0] enabled
[    0.000000] tsc: Detected 2903.998 MHz processor
[    5.959780] Calibrating delay loop (skipped) preset value.. 5807.99 BogoMIPS (lpj=11615992)
[    5.962283] pid_max: default: 32768 minimum: 301
[    5.963691] ACPI: Core revision 20150930
[    5.965696] ACPI: 2 ACPI AML tables successfully acquired and loaded
[    5.968064] Security Framework initialized
[    5.969446] Yama: becoming mindful.
[    5.970567] AppArmor: AppArmor initialized
[    5.971896] Dentry cache hash table entries: 131072 (order: 8, 1048576 bytes)

[    5.975402] Inode-cache hash table entries: 65536 (order: 7, 524288 bytes)
[    5.977509] Mount-cache hash table entries: 2048 (order: 2, 16384 bytes)
[    5.979447] Mountpoint-cache hash table entries: 2048 (order: 2, 16384 bytes)
[    5.981702] Initializing cgroup subsys io
[    5.983178] Initializing cgroup subsys memory
[    5.984478] Initializing cgroup subsys devices
[    5.986517] Initializing cgroup subsys freezer
[    5.988386] Initializing cgroup subsys net_cls
[    5.989794] Initializing cgroup subsys perf_event
[    5.991258] Initializing cgroup subsys net_prio
[    5.992668] Initializing cgroup subsys hugetlb
[    5.994006] Initializing cgroup subsys pids
[    5.996500] mce: CPU supports 0 MCE banks
[    5.997772] Last level iTLB entries: 4KB 64, 2MB 8, 4MB 8
[    5.999381] Last level dTLB entries: 4KB 64, 2MB 0, 4MB 0, 1GB 4
[    6.001132] Spectre V2 : Mitigation: Full generic retpoline
[    6.002863] Spectre V2 : Spectre v2 mitigation: Speculation control IBPB not-supported IBRS not-supported
[    6.005467] Spectre V2 : Spectre v2 / SpectreRSB mitigation: Filling RSB on context switch
[    6.008328] Speculative Store Bypass: Vulnerable
[    6.011915] Freeing SMP alternatives memory: 32K
[    6.027994] ftrace: allocating 32291 entries in 127 pages
[    6.152230] smpboot: APIC(0) Converting physical 0 to logical package 0
[    6.204610] smpboot: Max logical packages: 1
[    6.249178] x2apic enabled
[    6.288182] Switched APIC routing to physical x2apic.
[    6.343303] ..TIMER: vector=0x30 apic1=0 pin1=2 apic2=-1 pin2=-1
[    6.510892] smpboot: CPU0: Intel(R) Core(TM) i7-7820HQ CPU @ 2.90GHz (family: 0x6, model: 0x9e, stepping: 0x9)
[    6.589377] Performance Events: unsupported p6 CPU model 158 no PMU driver, software events only.
[    6.743682] KVM setup paravirtual spinlock
[    6.790184] x86: Booting SMP configuration:
[    6.852276] .... node  #0, CPUs:      #1
[    6.923241] kvm-clock: cpu 1, msr 0:3ffe3041, secondary cpu clock
[    6.967943] mce: CPU supports 0 MCE banks
[    6.996750] x86: Booted up 1 node, 2 CPUs
[    7.000661] smpboot: Total of 2 processors activated (11615.99 BogoMIPS)
[    7.010589] devtmpfs: initialized
[    7.013733] evm: security.selinux
[    7.015250] evm: security.SMACK64
[    7.017866] evm: security.SMACK64EXEC
[    7.019498] evm: security.SMACK64TRANSMUTE
[    7.021303] evm: security.SMACK64MMAP
[    7.022921] evm: security.ima
[    7.024251] evm: security.capability
[    7.026081] clocksource: jiffies: mask: 0xffffffff max_cycles: 0xffffffff, max_idle_ns: 7645041785100000 ns
[    7.030256] futex hash table entries: 512 (order: 3, 32768 bytes)
[    7.032839] pinctrl core: initialized pinctrl subsystem
[    7.035209] RTC time: 21:07:13, date: 01/03/19
[    7.037301] NET: Registered protocol family 16
[    7.050923] cpuidle: using governor ladder
[    7.063143] cpuidle: using governor menu
[    7.065049] PCCT header not found.
[    7.066572] ACPI: bus type PCI registered
[    7.068263] acpiphp: ACPI Hot Plug PCI Controller Driver version: 0.5
[    7.071008] PCI: Using configuration type 1 for base access
[    7.084826] ACPI: Added _OSI(Module Device)
[    7.122119] ACPI: Added _OSI(Processor Device)
[    7.164297] ACPI: Added _OSI(3.0 _SCP Extensions)
[    7.191135] ACPI: Added _OSI(Processor Aggregator Device)
[    7.224325] ACPI: Executed 1 blocks of module-level executable AML code
[    7.301120] ACPI: Interpreter enabled
[    7.338852] ACPI: (supports S0 S5)
[    7.385991] ACPI: Using IOAPIC for interrupt routing
[    7.459566] PCI: Using host bridge windows from ACPI; if necessary, use "pci=nocrs" and report a bug
[    7.576124] ACPI: PCI Root Bridge [PCI0] (domain 0000 [bus 00-ff])
[    7.658401] acpi PNP0A03:00: _OSC: OS supports [ASPM ClockPM Segments MSI]
[    7.739480] acpi PNP0A03:00: _OSC: not requesting OS control; OS requires [ExtendedConfig ASPM ClockPM MSI]
[    7.870811] acpi PNP0A03:00: fail to add MMCONFIG information, can't access extended PCI configuration space under this bridge.
[    8.015086] PCI host bridge to bus 0000:00
[    8.031351] pci_bus 0000:00: root bus resource [io  0x0000-0x0cf7 window]
[    8.034086] pci_bus 0000:00: root bus resource [io  0x0d00-0xffff window]
[    8.036116] pci_bus 0000:00: root bus resource [mem 0x000a0000-0x000bffff window]
[    8.038497] pci_bus 0000:00: root bus resource [mem 0x40000000-0xfdffffff window]
[    8.040878] pci_bus 0000:00: root bus resource [bus 00-ff]
[    8.044906] pci 0000:00:01.1: legacy IDE quirk: reg 0x10: [io  0x01f0-0x01f7]
[    8.047315] pci 0000:00:01.1: legacy IDE quirk: reg 0x14: [io  0x03f6]
[    8.049244] pci 0000:00:01.1: legacy IDE quirk: reg 0x18: [io  0x0170-0x0177]
[    8.051340] pci 0000:00:01.1: legacy IDE quirk: reg 0x1c: [io  0x0376]
[    8.072276] pci 0000:00:07.0: quirk: [io  0x4000-0x403f] claimed by PIIX4 ACPI
[    8.122634] pci 0000:00:07.0: quirk: [io  0x4100-0x410f] claimed by PIIX4 SMB
[    8.163370] ACPI: PCI Interrupt Link [LNKA] (IRQs 5 9 10 *11)
[    8.166636] ACPI: PCI Interrupt Link [LNKB] (IRQs 5 9 *10 11)
[    8.169948] ACPI: PCI Interrupt Link [LNKC] (IRQs 5 *9 10 11)
[    8.173995] ACPI: PCI Interrupt Link [LNKD] (IRQs 5 9 10 *11)
[    8.177032] ACPI: Enabled 2 GPEs in block 00 to 07
[    8.179527] vgaarb: setting as boot device: PCI:0000:00:02.0
[    8.181881] vgaarb: device added: PCI:0000:00:02.0,decodes=io+mem,owns=io+mem,locks=none
[    8.185424] vgaarb: loaded
[    8.188434] vgaarb: bridge control possible 0000:00:02.0
[    8.197648] SCSI subsystem initialized
[    8.204958] ACPI: bus type USB registered
[    8.206668] usbcore: registered new interface driver usbfs
[    8.208830] usbcore: registered new interface driver hub
[    8.210908] usbcore: registered new device driver usb
[    8.214701] PCI: Using ACPI for IRQ routing
[    8.216493] NetLabel: Initializing
[    8.217619] NetLabel:  domain hash size = 128
[    8.218937] NetLabel:  protocols = UNLABELED CIPSOv4
[    8.220483] NetLabel:  unlabeled traffic allowed by default
[    8.222271] amd_nb: Cannot enumerate AMD northbridges
[    8.223788] clocksource: Switched to clocksource kvm-clock
[    8.232766] AppArmor: ppmoFiesteEnled
[  8500659] np P AI it[  8063]npPnAC: un3 vis

[    9.314369] clocksource: acpi_pm: mask: 0xffffff max_cycles: 0xffffff, max_idle_ns: 2085701024 ns
[    9.331035] NET: Registered protocol family 2
[    9.333703] TCP established hash table entries: 8192 (order: 4, 65536 bytes)
[    9.336541] TCP bind hash table entries: 8192 (order: 5, 131072 bytes)
[    9.339102] TCP: Hash tables configured (established 8192 bind 8192)
[    9.341833] UDP hash table entries: 512 (order: 2, 16384 bytes)
[    9.344130] UDP-Lite hash table entries: 512 (order: 2, 16384 bytes)
[    9.346608] NET: Registered protocol family 1
[    9.348378] pci 0000:00:00.0: Limiting direct PCI/PCI transfers
[    9.350764] pci 0000:00:01.0: Activating ISA DMA hang workarounds
[    9.353188] Unpacking initramfs...
[    9.546062] Freeing initrd memory: 14804K
[    9.594167] platform rtc_cmos: registered platform RTC device (no PNP device found)
[    9.700328] Scanning for low memory corruption every 60 seconds
[    9.836264] audit: initializing netlink subsys (disabled)
[    9.882260] audit: type=2000 audit(1546549633.865:1): initialized
[    9.910520] Initialise system trusted keyring
[    9.989777] HugeTLB registered 2 MB page size, pre-allocated 0 pages
[   10.104157] zbud: loaded
[   10.131093] VFS: Disk quotas dquot_6.6.0
[   10.178783] VFS: Dquot-ccche hash table entries: 512 (order 0, 4096 bytes)
[   10.251476] squashfs: version 4.0 (2009/01/31) Phillip Lougher
[   10.253948] fuse init (API version 7.23)
[   10.255274] Key type big_key registered
[   10.256586] Allocating IMA MOK and blacklist keyrings.
[   10.259171] Key type asymmetric registered
[   10.260868] Asymmetric key parser 'x509' registered
[   10.262341] Block layer SCSI generic (bsg) driver version 0.4 loaded (major 249)
[   10.290481] io scheduler noop registered
[   10.346988] io scheduler deadline registered (default)
[   10.386950] io scheduler cfq registered
[   10.419464] pci_hotplug: PCI Hot Plug PCI Core version: 0.5
[   10.423582] pciehp: PCI Express Hot Plug Controller Driver version: 0.4
[   10.443148] ACPI: AC Adapter [AC] (off-line)
[   10.445117] input: Power Button as /devices/LNXSYSTM:00/LNXPWRBN:00/input/input0
[   10.449536] ACPI: Power Button [PWRF]
[   10.452856] input: Sleep Button as /devices/LNXSYSTM:00/LNXSLPBN:00/input/input1
[   10.457979] ACPI: Sleep Button [SLPF]
[   10.459866] GHES: HEST is not enabled!
[   10.461328] ACPI: Battery Slot [BAT0] (battery present)
[   10.466328] Serial: 8250/16550 driver, 32 ports, IRQ sharing enabled
[   10.492606] 00:02: ttyS0 at I/O 0x3f8 (irq = 4, base_baud = 115200) is a 16550A
[   10.497134] Linux agpgart interface v0.103
[   10.499793] loop: module loaded
[   10.501403] scsi host0: ata_piix
[   10.502575] scsi host1: ata_piix
[   10.503657] ata1: PATA max UDMA/33 cmd 0x1f0 ctl 0x3f6 bmdma 0xd000 irq 14
[   10.505762] ata2: PATA max UDMA/33 cmd 0x170 ctl 0x376 bmdma 0xd008 irq 15
[   10.508516] libphy: Fixed MDIO Bus: probed
[   10.510081] tun: Universal TUN/TAP device driver, 1.6
[   10.511853] tun: (C) 1999-2004 Max Krasnyansky <maxk@qualcomm.com>
[   10.513781] PPP generic driver version 2.4.2
[   10.515175] ehci_hcd: USB 2.0 'Enhanced' Host Controller (EHCI) Driver
[   10.517278] ehci-pci: EHCI PCI platform driver
[   10.518715] ehci-platform: EHCI generic platform driver
[   10.520346] ohci_hcd: USB 1.1 'Open' Host Controller (OHCI) Driver
[   10.522136] ohci-pci: OHCI PCI platform driver
[   10.523536] ohci-platform: OHCI generic platform driver
[   10.525107] uhci_hcd: USB Universal Host Controller Interface driver
[   10.527232] i8042: PNP: PS/2 Controller [PNP0303:PS2K,PNP0f03:PS2M] at 0x60,0x64 irq 1,12
[   10.530165] serio: i8042 KBD port at 0x60,0x64 irq 1
[   10.531644] serio: i8042 AUX port at 0x60,0x64 irq 12
[   10.533305] mousedev: PS/2 mouse device common for all mice
[   10.535466] input: AT Translated Set 2 keyboard as /devices/platform/i8042/serio0/input/input2
[   10.535848] rtc_cmos rtc_cmos: rtc core: registered rtc_cmos as rtc0
[   10.535897] rtc_cmos rtc_cmos: alarms up to one day, 114 bytes nvram
[   10.535904] i2c /dev entries driver
[   10.535951] device-mapper: uevent: version 1.0.3
[   10.538130] device-mapper: ioctl: 4.34.0-ioctl (2015-10-28) initialised: dm-devel@redhat.com
[   10.538180] ledtrig-cpu: registered to indicate activity on CPUs
[   10.538516] NET: Registered protocol family 10
[   10.538636] NET: Registered protocol family 17
[   10.538647] Key type dns_resolver registered
[   10.538824] registered taskstats version 1
[   10.538835] Loading compiled-in X.509 certificates
[   10.539316] Loaded X.509 cert 'Build time autogenerated kernel key: 7c9fb337b82e5a343493fe891c556beae1895c7c'
[   10.539330] zswap: loaded using pool lzo/zbud
[   10.540492] Key type trusted registered
[   10.542359] Key type encrypted registered
[   10.542362] AppArmor: AppArmor sha1 policy hashing enabled
[   10.542365] ima: No TPM chip found, activating TPM-bypass!
[   10.542368] ima: Allocated hash algorithm: sha1
[   10.542379] evm: HMAC attrs: 0x1
[   10.542733]   Magic number: 3:486:145
[   10.542738] ata_port ata2: hash matches
[   10.542738]  ata2: hash matches
[   10.543025] rtc_cmos rtc_cmos: setting system clock to 2019-01-03 21:07:16 UTC (1546549636)
[   10.543081] BIOS EDD facility v0.16 2004-Jun-25, 0 devices found
[   10.543081] EDD information not available.
[   11.033474] Freeing unused kernel memory: 1528K
[   11.065269] clocksource: tsc: mask: 0xffffffffffffffff max_cycles: 0x29dc03c1beb, max_idle_ns: 440795205215 ns
[   11.172626] Write protecting the kernel read-only data: 14336k
[   11.706969] Freeing unused kernel memory: 1660K
[   11.970063] Freeing unused kernel memory: 88K
Loading, please wait...
starting version 229
[   12.547086] random: systemd-udevd: uninitialized urandom read (16 bytes read, 5 bits of entropy available)
[   12.547777] random: udevadm: uninitialized urandom read (16 bytes read, 5 bits of entropy available)
[   12.547800] random: udevadm: uninitialized urandom read (16 bytes read, 5 bits of entropy available)
[   12.557232] random: udevadm: uninitialized urandom read (16 bytes read, 5 bits of entropy available)
[   12.557323] random: udevadm: uninitialized urandom read (16 bytes read, 5 bits of entropy available)
[   12.557600] random: udevadm: uninitialized urandom read (16 bytes read, 5 bits of entropy available)
[   12.557646] random: udevadm: uninitialized urandom read (16 bytes read, 5 bits of entropy available)
[   12.557717] random: udevadm: uninitialized urandom read (16 bytes read, 5 bits of entropy available)
[   12.557762] random: udevadm: uninitialized urandom read (16 bytes read, 5 bits of entropy available)
[   12.557809] random: udevadm: uninitialized urandom read (16 bytes read, 5 bits of entropy available)
[   12.639360] Fusion MPT base driver 3.04.20
[   12.675000] Copyright (c) 1999-2008 LSI Corporation
[   12.692427] e1000: Intel(R) PRO/1000 Network Driver - version 7.3.21-k8-NAPI
[   12.706059] e1000: Copyright (c) 1999-2006 Intel Corporation.
[   12.734279] AVX2 version of gcm_enc/dec engaged.
[   12.738474] AES CTR mode by8 optimization enabled
[   12.744653] Fusion MPT SPI Host driver 3.04.20
[   12.913012] input: ImExPS/2 Generic Explorer Mouse as /devices/platform/i8042/serio1/input/input4
[   13.106641] e1000 0000:00:03.0 eth0: (PCI:33MHz:32-bit) 02:6c:72:8e:02:ff
[   13.218003] e1000 0000:00:03.0 eth0: Intel(R) PRO/1000 Network Connection
[   13.335303] mptbase: ioc0: Initiating bringup
[   14.450159] ioc0: LSI53C1030 A0: Capabilities={Initiator}
[   15.536139] scsi host2: ioc0: LSI53C1030 A0, FwRev=00000000h, Ports=1, MaxQ=256, IRQ=20
[   16.719041] scsi 2:0:0:0: Direct-Access     VBOX     HARDDISK         1.0  PQ: 0 ANSI: 5
[   17.573352] scsi target2:0:0: Beginning Domain Validation
[   17.606523] scsi target2:0:0: Domain Validation skipping write tests
[   17.608942] scsi target2:0:0: Ending Domain Validation
[   17.610595] scsi target2:0:0: asynchronous
[   17.612350] scsi 2:0:1:0: Direct-Access     VBOX     HARDDISK         1.0  PQ: 0 ANSI: 5
[   17.615090] scsi target2:0:1: Beginning Domain Validation
[   17.617715] scsi target2:0:1: Domain Validation skipping write tests
[   17.620158] scsi target2:0:1: Ending Domain Validation
[   17.630784] scsi target2:0:1: asynchronous
[   17.700451] sd 2:0:0:0: Attached scsi generic sg0 type 0
[   17.721377] sd 2:0:1:0: Attached scsi generic sg1 type 0
[   17.821792] sd 2:0:0:0: [sda] 20971520 512-byte logical blocks: (10.7 GB/10.0 GiB)
[   17.821848] sd 2:0:1:0: [sdb] 20480 512-byte logical blocks: (10.5 MB/10.0 MiB)
[   17.822309] sd 2:0:1:0: [sdb] Write Protect is off
[   17.822666] sd 2:0:1:0: [sdb] Incomplete mode parameter data
[   17.822668] sd 2:0:1:0: [sdb] Assuming drive cache: write through
[   17.825139] sd 2:0:1:0: [sdb] Attached SCSI disk
[   18.028899] e1000 0000:00:08.0 eth1: (PCI:33MHz:32-bit) 08:00:27:0a:76:ba
[   18.028902] e1000 0000:00:08.0 eth1: Intel(R) PRO/1000 Network Connection
[   18.104772] e1000 0000:00:03.0 enp0s3: renamed from eth0
[   18.312804] sd 2:0:0:0: [sda] Write Protect is off
[   18.372095] sd 2:0:0:0: [sda] Incomplete mode parameter data
[   18.377565] e1000 0000:00:08.0 enp0s8: renamed from eth1
[   18.418280] sd 2:0:0:0: [sda] Assuming drive cache: write through
[   18.436761]  sda: sda1
[   18.441667] sd 2:0:0:0: [sda] Attached SCSI disk
Begin: Loading e[   19.780619] md: linear personality registered for level -1
ssential drivers[   19.856986] md: multipath personality registered for level -4
 ... [   19.939448] md: raid0 personality registered for level 0
[   19.978491] md: raid1 personality registered for level 1
[   20.112382] raid6: sse2x1   gen() 11160 MB/s
[   20.223951] raid6: sse2x1   xor()  8472 MB/s
[   20.316056] raid6: sse2x2   gen() 13352 MB/s
[   20.432328] raid6: sse2x2   xor()  9593 MB/s
[   20.519812] raid6: sse2x4   gen() 15783 MB/s
[   20.624347] raid6: sse2x4   xor() 10604 MB/s
[   20.727825] raid6: avx2x1   gen() 15626 MB/s
[   20.804015] raid6: avx2x2   gen() 19148 MB/s
[   20.923860] raid6: avx2x4   gen() 28100 MB/s
[   20.956056] raid6: using algorithm avx2x4 gen() 28100 MB/s
[   21.003980] raid6: using avx2x2 recovery algorithm
[   21.063471] xor: automatically using best checksumming function:
[   21.146792]    avx       : 45806.000 MB/sec
[   21.181801] async_tx: api initialized (async)
[   21.217015] md: raid6 personality registered for level 6
[   21.249200] md: raid5 personality registered for level 5
[   21.304087] md: raid4 personality registered for level 4
[   21.363317] md: raid10 personality registered for level 10
done.
Begin: Running /scripts/init-premount ... done[   21.446344] Btrfs loaded
.
Begin: Mounting root file system ... Begin: Running /scripts/local-top ... done.
Begin: Running /scripts/local-premount ... Scanning for Btrfs filesystems
done.
Warning: fsck not present, so skipping root file system
[   21.516330] EXT4-fs (sda1): mounted filesystem with ordered data mode. Opts: (null)
done.
Begin: Running /scripts/local-bottom ... done.
Begin: Running /scripts/init-bottom ... done.
[   21.585927] systemd[1]: systemd 229 running in system mode. (+PAM +AUDIT +SELINUX +IMA +APPARMOR +SMACK +SYSVINIT +UTMP +LIBCRYPTSETUP +GCRYPT +GNUTLS +ACL +XZ -LZ4 +SECCOMP +BLKID +ELFUTILS +KMOD -IDN)
[   21.821560] systemd[1]: Detected virtualization oracle.
[   21.853729] systemd[1]: Detected architecture x86-64.

Welcome to [1mUbuntu 16.04.5 LTS[0m!

[   21.875796] systemd[1]: Set hostname to <ubuntu>.
[   21.880017] systemd[1]: Initializing machine ID from random generator.
[   21.882960] systemd[1]: Installed transient /etc/machine-id file.
[   21.979452] systemd[1]: Started Trigger resolvconf update for networkd DNS.
[[0;32m  OK  [0m] Started Trigger resolvconf update for networkd DNS.
[   21.984494] systemd[1]: Listening on udev Control Socket.
[[0;32m  OK  [0m] Listening on udev Control Socket.
[   21.989402] systemd[1]: Reached target User and Group Name Lookups.
[[0;32m  OK  [0m] Reached target User and Group Name Lookups.
[   21.993647] systemd[1]: Listening on Journal Socket.
[[0;32m  OK  [0m] Listening on Journal Socket.
[   21.997332] systemd[1]: Reached target Encrypted Volumes.
[[0;32m  OK  [0m] Reached target Encrypted Volumes.
[   22.001164] systemd[1]: Started Forward Password Requests to Wall Directory Watch.
[[0;32m  OK  [0m] Started Forward Password Requests to Wall Directory Watch.
[   22.006740] systemd[1]: Listening on LVM2 poll daemon socket.
[[0;32m  OK  [0m] Listening on LVM2 poll daemon socket.
[   22.010770] systemd[1]: Listening on udev Kernel Socket.
[[0;32m  OK  [0m] Listening on udev Kernel Socket.
[   22.014489] systemd[1]: Reached target Swap.
[[0;32m  OK  [0m] Reached target Swap.
[   22.021384] systemd[1]: Set up automount Arbitrary Executable File Formats File System Automount Point.
[[0;32m  OK  [0m] Set up automount Arbitrary Executab...ats File System Automount Point.
[  21811syem1]Liening onSyslog Sck.

[[0;32m  OK  [0m] Listening on Syslog Socket.
[   22.656643] syste[1 Catd slice User and Session Slice.
[[0;32m  OK  [0m] Created slice User and Session Slice.
[ 22564]ystemd[1]: Listening on /devinitctl Compatibility Named Pipe.

[[0;32m  OK  [0m] Listening on /dev/initctl Compatibility Named Pipe.
[   23.070061] systemd[1]: Listening on Device-mapper event daemon FIFOs.
[[0;32m  OK  [0m] Listening on Device-mapper event daemon FIFOs.
[   23.075789] systemd[1]: Reached target System Time Synchronized.
[[0;32m  OK  [0m] Reached target System Time Synchronized.
[   23.081501] systemd[1]: Created slice System Slice.
[[0;32m  OK  [0m] Created slice System Slice.
[   23.100657] systemd[1]: Starting Create list of required static device nodes for the current kernel...
[   23.239701] random: nonblocking pool is initialized
         Starting Create list of required st... nodes for the current kernel...
[   23.341835] systemd[1]: Starting Uncomplicated firewall...
         Starting Uncomplicated firewall...
[  243445] systemd[1]: eachedtaetlies
[[0;32m  OK  [0m] Reached target Slices.
[   23.756190] systemd[1]: Starting Nameserver information manager...
         Starting Nameserver information manager...
[   23.868444] systemd[1]: Mounting Huge Pages File System...
         Mounting Huge Pages File System...
[   23.992709] systemd[1]: Starting Remount Root and Kernel File Systems...
         [   24.062662] EXT4-fs (sda1): re-mounted. Opts: (null)
Starting Remount Root and Kernel File Systems...
[   24.148060] systemd[1]: Starting Set console keymap...
         Starting Set console keymap...
[   24.153342] systemd[1]: Listening on LVM2 metadata daemon socket.
[[0;32m  OK  [0m] Listening on LVM2 metadata daemon socket.
[   24.170849] systemd[1]: Starting Monitoring of LVM2 mirrors, snapshots etc. using dmeventd or progress polling...
         Starting Monitoring of LVM2 mirrors... dmeventd or progress polling...
[   24.194615] systemd[1]: Starting Load Kernel Modules...
         Starting Load Kernel Modules...
[   24.203238] systemd[1]: Created slice system-serial\x2dgetty.slice.
[   24.212729] Loading iSCSI transport class v2.0-870.
[[0;32m  OK  [0m] Created slice system-serial\x2dgetty.slice.
[   24.226876] systemd[1]: Listening on Journal Socket (/dev/log).
[[0;32m  OK  [0m] Listening on Journal Socket (/dev/log).
[   24.231211] iscsi: registered transport (tcp)
[   24.231260] systemd[1]: Mounting POSIX Message Queue File System...
         Mounting POSIX Message Queue File System...
[   24.238204] systemd[1]: Mounting Debug File System...
         Mounting Debug File System...
[   24.296317] systemd[1]: Listening on Journal Audit Socket.
[   4.67] sc: gisterd anor(ir)

[[0;32m  OK  [0m] Listening on Journal Audit Socket.
[   24.796168] systemd[1]: Starting Journal Service...
         Starting Journal Service...
[   24.857216] systemd[1]: Monnted Huge Pages File System.
[[0;32m  OK  [0m] Mounted Huge Pages File System.
[   24.980580] systemd[1]: Mounted POSIX Message Queue File System.
[[0;32m  OK  [0m] Mounted POSIX Message Queue File System.
[   25.088282] systemd[1]: Mounted Debug File System.
[[0;32m  OK  [0m] Mounted Debug File System.
[   25.172149] systemd[1]: Started Journal Service.
[[0;32m  OK  [0m] Started Journal Service.
[[0;32m  OK  [0m] Started Create list of required sta...ce nodes for the current kernel.
[[0;32m  OK  [0m] Started Uncomplicated firewall.
[[0;32m  OK  [0m] Started Remount Root and Kernel File Systems.
[[0;32m  OK  [0m] Started Set console keymap.
[[0;32m  OK  [0m] Started Load Kernel Modules.
[[0;32m  OK  [0m] Started Nameserver information manager.
[[0;32m  OK  [0m] Started LVM2 metadata daemon.
         Starting Apply Kernel Variables...
         Mounting FUSE Control File System...
         Starting Load/Save Random Seed...
         Starting udev Coldplug all Devices...
         Starting Create Static Device Nodes in /dev...
         Starting Flush Journal to Persistent Storage...
[[0;32m  OK  [0m] Mounted FUSE Control File System.
[[0;32m  OK  [0m] Started Apply Kernel Variables.
[[0;32m  OK  [0m] Started Load/Save Random Seed.
[[0;32m  OK  [0m] Started Create Static Device Nodes in /dev.
[[0;32m  OK  [0m] Started udev Coldplug all Devices.
[[0;32m  OK  [0m] Started Flush Journal to Persistent Storage.
         Starting udev Kernel Device Manager...
[[0;32m  OK  [0m] Started udev Kernel Device Manager.
[[0;32m  OK  [0m] Started Dispatch Password Requests to Console Directory Watch.
[[0;32m  OK  [0m] Started Monitoring of LVM2 mirrors,...ng dmeventd or progress polling.
[[0;32m  OK  [0m] Found device /dev/ttyS0.
[[0;32m  OK  [0m] Reached target Local File Systems (Pre).
[[0;32m  OK  [0m] Reached target Local File Systems.
         Starting Initial cloud-init job (pre-networking)...
         Starting Create Volatile Files and Directories...
         Starting LSB: AppArmor initialization...
         Starting Set console font and keymap...
         Starting Tell Plymouth To Write Out Runtime Data...
         Starting Commit a transient machine-id on disk...
[[0;32m  OK  [0m] Started Create Volatile Files and Directories.
[[0;32m  OK  [0m] Started Tell Plymouth To Write Out Runtime Data.
[[0;32m  OK  [0m] Started Commit a transient machine-id on disk.
[[0;32m  OK  [0m] Listening on Load/Save RF Kill Switch Status /dev/rfkill Watch.
         Starting Update UTMP about System Boot/Shutdown...
[[0;32m  OK  [0m] Started Update UTMP about System Boot/Shutdown.
[   18.972665] cloud-init[585]: Cloud-init v. 18.4-0ubuntu1~16.04.2 running 'init-local' at Thu, 03 Jan 2019 21:07:32 +0000. Up 18.62 seconds.
[[0;32m  OK  [0m] Started Initial cloud-init job (pre-networking).
[[0;32m  OK  [0m] Reached target Network (Pre).
[[0;32m  OK  [0m] Started Set console font and keymap.
[[0;32m  OK  [0m] Started LSB: AppArmor initialization.
         Starting Raise network interfaces...
[[0;32m  OK  [0m] Created slice system-getty.slice.
[[0;32m  OK  [0m] Started Raise network interfaces.
[[0;32m  OK  [0m] Reached target Network.
         Starting Initial cloud-init job (metadata service crawler)...
[   20.154197] cloud-init[948]: Cloud-init v. 18.4-0ubuntu1~16.04.2 running 'init' at Thu, 03 Jan 2019 21:07:33 +0000. Up 19.75 seconds.
[   20.159947] cloud-init[948]: ci-info: ++++++++++++++++++++++++++++++++++++++Net device info++++++++++++++++++++++++++++++++++++++
[   20.165223] cloud-init[948]: ci-info: +--------+-------+---------------------------+---------------+--------+-------------------+
[   20.168861] cloud-init[948]: ci-info: | Device |   Up  |          Address          |      Mask     | Scope  |     Hw-Address    |
[   20.172300] cloud-init[948]: ci-info: +--------+-------+---------------------------+---------------+--------+-------------------+
[   20.175779] cloud-init[948]: ci-info: | enp0s3 |  True |         10.0.2.15         | 255.255.255.0 | global | 02:6c:72:8e:02:ff |
[   20.183917] cloud-init[948]: ci-info: | enp0s3 |  True | fe80::6c:72ff:fe8e:2ff/64 |       .       |  link  | 02:6c:72:8e:02:ff |
[   20.224806] cloud-init[948]: ci-info: | enp0s8 | False |             .             |       .       |   .    | 08:00:27:0a:76:ba |
[   20.252575] [[0;32m  OK  [0m] Started Initial cloud-init job (metadata service crawler).
[[0;32m  OK  [0m] Reached target Network is Online.
cloud-init[948]: ci-info: |   lo   |  True |         127.0.0.1         |   255.0.0.0   |  host  |         .         |
[   20.266295] cloud-init[948]: ci-info: |   lo   |  True |          ::1/128          |       .       |  host  |         .         |
[   20.281703] cloud-init         Starting iSCSI initiator daemon (iscsid)...
[[0;32m  OK  [0m] Reached target System Initialization.
[948]: ci-info: +--------+-------+---------------------------+---------------+--------+-------------------+
[   20.292489] [cloud-init[0;32m  OK  [0m[948]: ] ci-info: +++++++++++++++++++++++++++Route IPv4 info++++++++++++++++++++++++++++Started ACPI Events Check.

[   20.293581] [[0;32m  OK  [0m] Reached target Paths.
[[0;32m  OK  [0m] Listening on D-Bus System Message Bus Socket.
[[0;32m  OK  [0m] Started Daily apt download activities.
[[0;32m  OK  [0m] Started Daily Cleanup of Temporary Directories.
[[0;32m  OK  [0m] Started Daily apt upgrade and clean activities.
[[0;32m  OK  [0m] Reached target Timers.
[[0;32m  OK  [0m] Listening on ACPID Listen Socket.
[[0;32m  OK  [0m] Listening on UUID daemon activation socket.
         Starting Socket activation for snappy daemon.
cloud-init         Starting LXD - unix socket.
[[0;32m  OK  [0m] Reached target Cloud-config availability.
[948]: ci-info: +-------+-------------+----------+---------------+-----------+-------+
[   20.325158] cloud-init[948]: ci-info: | Route | Destination | Gateway  |    Genmask    | Interface | Flags |
[   20.328707] cloud-init[948]: ci-info: +-------+-------------+----------+---------------+-----------+-------+
[   20.332376] [[0;32m  OK  [0m] Listening on Socket activation for snappy daemon.
[[0;32m  OK  [0m] Listening on LXD - unix socket.
cloud-init[948]: ci-info: |   0   |   0.0.0.0   | 10.0.2.2 |    0.0.0.0    |   enp0s3  |   UG  |
[   20.342451] cloud-init[948]: ci-info: |   1   |   10.0.2.0  | 0.0.0.0  | 255.255.255.0 |   enp0s3  |   U   |
[[0;32m  OK  [0m] Started iSCSI initiator daemon (iscsid).
[   20.345310] cloud-init[948]: ci-info: +-------+-------------+----------+---------------+-----------+-------+
[   20.390417] cloud-init[948]: ci-info: +++++++++++++++++++Route IPv6 info+++++++++++++++++++
[   20.401561]          Starting Login to default iSCSI targets...
[[0;32m  OK  [0m] Reached target Sockets.
[[0;32m  OK  [0m] Reached target Basic System.
         Starting System Logging Service...
cloud-init[948]: ci-info: +-------+-------------+---------+-----------+-------+
[   20.424340]          Starting Login Service...
cloud-init[948]: ci-info: | Route | Destination | Gateway | Interface | Flags |
[   20.430278] cloud-init[948]: ci-info: +-------+-------------+---------+-----------+-------+
[   20.434597] cloud-init[948]:          Starting /etc/rc.local Compatibility...
[[0;32m  OK  [0m] Started Unattended Upgrades Shutdown.
ci-info: |   0   |  fe80::/64  |    ::   |   enp0s3  |   U   |
[   20.452511]          Starting LSB: Record successful boot for GRUB...
[[0;32m  OK  [0m] Started D-Bus System Message Bus.
cloud-init[948]: ci-info: |   3   |   ff00::/8  |    ::   |   enp0s3  |   U   |
[   20.461173] cloud-init[948]: ci-info: +-------+-------------+---------+-----------+-------+
[   20.465775] cloud-init[948]: Generating public/private rsa key pair.
[   20.468714] cloud-init[948]: Your identification has been saved in /etc/ssh/ssh_host_rsa_key.
[   20.472198] cloud-init[948]: Your public key has been saved in /etc/ssh/ssh_host_rsa_key.pub.
[   20.475710] cloud-init[948]: The key fingerprint is:         Starting Accounts Service...
[[0;32m  OK  [0m] Started FUSE filesystem for LXC.

[   20.500422]          Starting LSB: MD monitoring daemon...
cloud-init[948]: SHA256:/+hiXHnatKkaFzTzcxCGHE0CMiquDcnx+EHqTsDquws root@ubuntu-xenial
[   20.540482]          Starting Pollinate to seed the pseudo random number generator...
         Starting Virtualbox guest utils...
cloud-init[948]: The key's randomart image is:
[[0;32m  OK  [0m] Started ACPI event daemon.
[   20.551978] cloud-init[948]: +---[RSA 2048]----+
[   20.563883] cloud-init[948]: |      o .oo=+    |
[   20.567896] cloud-init[948]: |     . o  oo..   |
[   20.580275] cloud-init[948]: | ....     + .    |
[   20.582375] cloud-init[948]: |oo*.     . + .   |
[   20.582419] cloud-init[948]: |+=.o    S ..o .  |
[   20.582493] cloud-init[948]: |++. .    .o.oo   |
[   20.582544] cloud-init[948]: |Eo..   ...o= o   |
[   20.582579] cloud-init[948]: |=       +o.o+    |
[   20.582608] cloud-init[948]: | *+    ..++..    |
[   20.582643] cloud-init[948]: +----[SHA256]-----+
[   20.582683] cloud-init[948]: Generating public/private dsa key pair.
[   20.582713] cloud-init[948]: Your identification has been saved in /etc/ssh/ssh_host_dsa_key.
[   20.582741] cloud-init[948]: Your public key has been saved in /etc/ssh/ssh_host_dsa_key.pub.
[   20.582779] cloud-init[948]: The key fingerprint is:
[   20.582818] cloud-init[948]: SHA256:q0p37nYlciMnBPiVfZOmKE0XKvlpXsYxX0L/KscdyzQ root@ubuntu-xenial
[   20.582859] cloud-init[948]: The key's randomart image is:
[   20.582894] cloud-init[948]: +---[DSA 1024]----+
[   20.582932] cloud-init[948]: |     .   o....   |
[   20.582963] cloud-init[948]: |    . ..+.o.=.   |
[   20.582992] cloud-init[948]: |     .o=.oo+..o  |
[   20.583059] cloud-init[948]: |      oo+o.+ o . |
[   20.583098] cloud-init[948]: |       oS + .  E.|
[   20.583144] cloud-init[948]: |       o++= ..oo+|
[   20.583218] cloud-init[948]: |    . . +* +. +o.|
[   20.583255] cloud-init[948]: |   . . +. .  o   |
[[0;32m  OK  [0m] Started Regular background program processing daemon.
[   20.583505] cloud-init[948]: |    ...oo.       |
[   20.643439]          Starting LXD - container startup/shutdown...
cloud-init[948]: +----[SHA256]-----+
[   20.648975] cloud-init[948]: Generating public/private ecdsa key pair.
[[0;32m  OK  [0m] Started Deferred execution scheduler.
[   20.671711] cloud-init         Starting Snappy daemon...
[948]: Your identification has been saved in /etc/ssh/ssh_host_ecdsa_key.
[   20.688825] [[0;32m  OK  [0m] Started System Logging Service.
[[0;32m  OK  [0m] Started /etc/rc.local Compatibility.
[[0;32m  OK  [0m] Started LXD - container startup/shutdown.
cloud-init[948]: Your public key has been saved in /etc/ssh/ssh_host_ecdsa_key.pub.
[   20.709736] cloud-init[948]: The key fingerprint is:
[   20.731929] cloud-init[948]: SHA256:eUctBJscoNif3na7/JCggzq9AEW1Y3PtaocjvcU8rjk root@ubuntu-xenial
[   20.754185] cloud-init[948]: The key's randomart image is:
[   20.761959] cloud-init[948]: +---[ECDSA 256]---+
[   20.762392] cloud-init[948]: |    ... ..o..    |
[   20.763575] cloud-init[948]: |   . o o o = .   |
[   20.764151] cloud-init[948]: |    o B . = o .  |
[   20.764589] cloud-init[948]: |   . . = + . .   |
[   20.765900] cloud-init[948]: |  .     S + .    |
[   20.766300] cloud-init[948]: |   .   + O o .   |
[   20.766931] cloud-init[948]: |    ..o X O +    |
[   20.767447] cloud-init[948]: |    .o.oEX + o   |
[   20.769025] cloud-init[948]: |    ....+o. +o.  |
[   20.769347] cloud-init[948]: +----[SHA256]-----+
[   20.770068] cloud-init[948]: Generating public/private ed25519 key pair.
[   20.770375] cloud-init[948]: Your identification has been saved in /etc/ssh/ssh_host_ed25519_key.
[   20.770696] cloud-init[948]: Your public key has been saved in /etc/ssh/ssh_host_ed25519_key.pub.
[   20.771019] cloud-init[948]: The key fingerprint is:
[   20.771342] cloud-init[948]: SHA256:MuU+Mel5v2j7pR8tOBhhB7lAGOd7yAizSuamv1gAi/k root@ubuntu-xenial
[   20.771679] cloud-init[948]: The key's randomart image is:
[[0;32m  OK  [0m] Started Login to default iSCSI targets.
[   20.772000] cloud-init[948]: +--[ED25519 256]--+
[   20.796194] cloud-init[948]: |      .+o ..     |
[   20.800114] cloud-init[948]: |      .o. ..     |
[[0;32m  OK  [0m] Started LSB: Record successful boot for GRUB.
[[0;32m  OK  [0m] Started LSB: MD monitoring daemon.
[   20.809884] cloud-init[948]: |.   o   o.o..    |
[   20.850796] cloud-init[948]: |oo   + = =.o     |
[   20.860481] cloud-init[948]: |= o . + S o      |
[   20.880609] cloud-init[948]: | * .   = = o . . |
[   20.887058] cloud-init[[0;32m  OK  [0m] Started Snappy daemon.
[948]: |  E     = o o + .|[[0;32m  OK  [0m] Started Login Service.

[   20.901898] cloud-init[948]: | =       o.o + o |
[   20.904715] cloud-init[948]: |o.o.     .oo=o.  |
[   20.907506] cloud-init[948]: +----[SHA256]-----+
         Starting Authenticate and Authorize Users to Run Privileged Tasks...
         Starting Wait until snapd is fully seeded...
[[0;32m  OK  [0m] Reached target Remote File Systems (Pre).
[[0;32m  OK  [0m] Reached target Remote File Systems.
         Starting LSB: Set the CPU Frequency Scaling governor to "ondemand"...
         Starting LSB: automatic crash report generation...
         Starting Permit User Sessions...
         Starting LSB: daemon to balance interrupts for SMP systems...
[[0;32m  OK  [0m] Started Virtualbox guest utils.
[[0;32m  OK  [0m] Started Permit User Sessions.
[[0;32m  OK  [0m] Started Authenticate and Authorize Users to Run Privileged Tasks.
[[0;32m  OK  [0m] Started Accounts Service.
[[0;32m  OK  [0m] Started LSB: Set the CPU Frequency Scaling governor to "ondemand".
         Starting Hold until boot process finishes up...
         Starting Terminate Plymouth Boot Screen...
[[0;32m  OK  [0m] Started LSB: automatic crash report generation.
[[0;32m  OK  [0m] Started LSB: daemon to balance interrupts for SMP systems.
[[0;32m  OK  [0m] Started Hold until boot process finishes up.
[[0;32m  OK  [0m] Started Terminate Plymouth Boot Screen.
         Starting Set console scheme...
[[0;32m  OK  [0m] Started Serial Getty on ttyS0.
[[0;32m  OK  [0m] Started Getty on tty1.
[[0;32m  OK  [0m] Reached target Login Prompts.
[[0;32m  OK  [0m] Started Set console scheme.
[[0;32m  OK  [0m] Started Pollinate to seed the pseudo random number generator.
         Starting OpenBSD Secure Shell server...
[[0;32m  OK  [0m] Started OpenBSD Secure Shell server.
[[0;32m  OK  [0m] Created slice User Slice of vagrant.
[[0;32m  OK  [0m] Started Session 1 of user vagrant.
         Starting User Manager for UID 1000...
[[0;32m  OK  [0m] Started User Manager for UID 1000.
         Stopping User Manager for UID 1000...
[[0;32m  OK  [0m] Stopped User Manager for UID 1000.
[[0;32m  OK  [0m] Removed slice User Slice of vagrant.
[[0;32m  OK  [0m] Created slice User Slice of vagrant.
         Starting User Manager for UID 1000...
[[0;32m  OK  [0m] Started Session 2 of user vagrant.
[[0;32m  OK  [0m] Started User Manager for UID 1000.
         Starting Hostname Service...
[[0;32m  OK  [0m] Started Hostname Service.
[[0;32m  OK  [0m] Started Wait until snapd is fully seeded.
[[0;32m  OK  [0m] Reached target Multi-User System.
[[0;32m  OK  [0m] Reached target Graphical Interface.
         Starting Update UTMP about System Runlevel Changes...
         Starting Apply the settings specified in cloud-config...
[[0;32m  OK  [0m] Started Update UTMP about System Runlevel Changes.
[   25.849872] cloud-init[1803]: Generating locales (this might take a while)...
[   26.499067] cloud-init[1803]:   en_US.UTF-8... done
[   26.500126] cloud-init[1803]: Generation complete.
[   26.694545] cloud-init[1803]: Cloud-init v. 18.4-0ubuntu1~16.04.2 running 'modules:config' at Thu, 03 Jan 2019 21:07:39 +0000. Up 25.77 seconds.
ci-info: no authorized ssh keys fingerprints found for user ubuntu.
<14>Jan  3 21:07:40 ec2: 
<14>Jan  3 21:07:40 ec2: #############################################################
<14>Jan  3 21:07:40 ec2: -----BEGIN SSH HOST KEY FINGERPRINTS-----
<14>Jan  3 21:07:40 ec2: 1024 SHA256:q0p37nYlciMnBPiVfZOmKE0XKvlpXsYxX0L/KscdyzQ root@ubuntu-xenial (DSA)
<14>Jan  3 21:07:40 ec2: 256 SHA256:eUctBJscoNif3na7/JCggzq9AEW1Y3PtaocjvcU8rjk root@ubuntu-xenial (ECDSA)
<14>Jan  3 21:07:40 ec2: 256 SHA256:MuU+Mel5v2j7pR8tOBhhB7lAGOd7yAizSuamv1gAi/k root@ubuntu-xenial (ED25519)
<14>Jan  3 21:07:40 ec2: 2048 SHA256:/+hiXHnatKkaFzTzcxCGHE0CMiquDcnx+EHqTsDquws root@ubuntu-xenial (RSA)
<14>Jan  3 21:07:40 ec2: -----END SSH HOST KEY FINGERPRINTS-----
<14>Jan  3 21:07:40 ec2: #############################################################
-----BEGIN SSH HOST KEY KEYS-----
ecdsa-sha2-nistp256 AAAAE2VjZHNhLXNoYTItbmlzdHAyNTYAAAAIbmlzdHAyNTYAAABBBFyK59/tQH1DmY3GNpqFHDneAXCzY5zFZhef7XEi6DZksAmfaF0Chx7XM2TBMJGQorjSRJncSmZGnVJgbErvxIE= root@ubuntu-xenial
ssh-ed25519 AAAAC3NzaC1lZDI1NTE5AAAAINLIu8Usdxd4zwvMsUXF8B7cqmCRVyHpXNwSSxI0/vA2 root@ubuntu-xenial
ssh-rsa AAAAB3NzaC1yc2EAAAADAQABAAABAQDVSJyDrB2jSr30uG0v1ubQqPRSWEfWJ8varnJ+wYQhzjb3rupUEkTgECM5ulsBUhPQPRtd1TsX2lAxsheYKflpDru865gCrCWYLRmtkaR9IAiNM1xHp/zLjmK975rz5VSNS5owzHb4N3cCVh6SnQDLFn7nZOYTUHKRsrP0CwlNIRy2qkv/ArDbV0aFBDmQ6tLF4jkPtLhpwbWoYw3mg58K6kLaKHcd2Gm/kQ35qu5xEQ/PepgjRatsg8W7zevlnMhR1WWCSergY42cUqMpGDsKA9E49DglInmpHJkV27PpORJi5kkvuxPqy+9yjva7cahoPQC1R0uCQ+5CqNs+RiQZ root@ubuntu-xenial
-----END SSH HOST KEY KEYS-----
[   27.026669] cloud-init[1897]: Cloud-init v. 18.4-0ubuntu1~16.04.2 running 'modules:final' at Thu, 03 Jan 2019 21:07:40 +0000. Up 26.93 seconds.
[   27.027450] cloud-init[1897]: ci-info: no authorized ssh keys fingerprints found for user ubuntu.
[   27.027549] cloud-init[1897]: Cloud-init v. 18.4-0ubuntu1~16.04.2 finished at Thu, 03 Jan 2019 21:07:40 +0000. Datasource DataSourceNoCloud [seed=/dev/sdb][dsmode=net].  Up 27.02 seconds

Ubuntu 16.04.5 LTS nomad-server1 ttyS0

nomad-server1 login: 